
*** Running vivado
    with args -log top.vdi -applog -m64 -product Vivado -messageDb vivado.pb -mode batch -source top.tcl -notrace



****** Vivado v2022.2 (64-bit)
  **** SW Build 3671981 on Fri Oct 14 05:00:03 MDT 2022
  **** IP Build 3669848 on Fri Oct 14 08:30:02 MDT 2022
    ** Copyright 1986-2022 Xilinx, Inc. All Rights Reserved.

source top.tcl -notrace
Command: link_design -top top -part xc7k325tffg676-2L
Design is defaulting to srcset: sources_1
Design is defaulting to constrset: constrs_1
INFO: [Device 21-403] Loading part xc7k325tffg676-2L
Netlist sorting complete. Time (s): cpu = 00:00:00 ; elapsed = 00:00:00.042 . Memory (MB): peak = 866.828 ; gain = 0.000
INFO: [Netlist 29-17] Analyzing 1369 Unisim elements for replacement
INFO: [Netlist 29-28] Unisim Transformation completed in 0 CPU seconds
INFO: [Project 1-479] Netlist was created with Vivado 2022.2
INFO: [Project 1-570] Preparing netlist for logic optimization
Parsing XDC File [C:/Users/David_Y9000P/Desktop/CSCourses/arch/labs/lab1/code/constraint.xdc]
Finished Parsing XDC File [C:/Users/David_Y9000P/Desktop/CSCourses/arch/labs/lab1/code/constraint.xdc]
INFO: [Opt 31-138] Pushed 0 inverter(s) to 0 load pin(s).
Netlist sorting complete. Time (s): cpu = 00:00:00 ; elapsed = 00:00:00.001 . Memory (MB): peak = 1023.973 ; gain = 0.000
INFO: [Project 1-111] Unisim Transformation Summary:
  A total of 7 instances were transformed.
  RAM32M => RAM32M (RAMD32(x6), RAMS32(x2)): 5 instances
  RAM32X1D => RAM32X1D (RAMD32(x2)): 2 instances

7 Infos, 0 Warnings, 0 Critical Warnings and 0 Errors encountered.
link_design completed successfully
Command: opt_design
Attempting to get a license for feature 'Implementation' and/or device 'xc7k325t'
INFO: [Common 17-349] Got license for feature 'Implementation' and/or device 'xc7k325t'
Running DRC as a precondition to command opt_design

Starting DRC Task
INFO: [DRC 23-27] Running DRC with 2 threads
INFO: [Project 1-461] DRC finished with 0 Errors
INFO: [Project 1-462] Please refer to the DRC report (report_drc) for more information.

Time (s): cpu = 00:00:01 ; elapsed = 00:00:00.802 . Memory (MB): peak = 1048.965 ; gain = 24.992

Starting Cache Timing Information Task
INFO: [Timing 38-35] Done setting XDC timing constraints.
INFO: [Timing 38-2] Deriving generated clocks
Ending Cache Timing Information Task | Checksum: 18a5c90b1

Time (s): cpu = 00:00:05 ; elapsed = 00:00:05 . Memory (MB): peak = 1646.031 ; gain = 597.066

Starting Logic Optimization Task

Phase 1 Retarget
INFO: [Opt 31-1287] Pulled Inverter core/reg_ID_EX/IR_ID[31]_i_1 into driver instance core/reg_ID_EX/IR_ID[31]_i_3, which resulted in an inversion of 37 pins
INFO: [Opt 31-1287] Pulled Inverter vga/U12/ascii_code[6]_i_320 into driver instance vga/U12/data_buf_reg_0_3_0_5_i_32, which resulted in an inversion of 8 pins
INFO: [Opt 31-1287] Pulled Inverter vga/U12/ascii_code[6]_i_324 into driver instance vga/U12/data_buf_reg_0_3_0_5_i_33, which resulted in an inversion of 6 pins
INFO: [Opt 31-1287] Pulled Inverter vga/U12/strdata[53]_i_1 into driver instance vga/U12/G[3]_i_3, which resulted in an inversion of 86 pins
INFO: [Opt 31-138] Pushed 0 inverter(s) to 0 load pin(s).
INFO: [Opt 31-49] Retargeted 0 cell(s).
Phase 1 Retarget | Checksum: 1e1fff555

Time (s): cpu = 00:00:00 ; elapsed = 00:00:00.264 . Memory (MB): peak = 1981.043 ; gain = 0.000
INFO: [Opt 31-389] Phase Retarget created 0 cells and removed 6 cells
INFO: [Opt 31-1021] In phase Retarget, 1 netlist objects are constrained preventing optimization. Please run opt_design with -debug_log to get more detail. 

Phase 2 Constant propagation
INFO: [Opt 31-138] Pushed 0 inverter(s) to 0 load pin(s).
Phase 2 Constant propagation | Checksum: 1d5e18389

Time (s): cpu = 00:00:00 ; elapsed = 00:00:00.306 . Memory (MB): peak = 1981.043 ; gain = 0.000
INFO: [Opt 31-389] Phase Constant propagation created 0 cells and removed 0 cells

Phase 3 Sweep
Phase 3 Sweep | Checksum: 201e8ce34

Time (s): cpu = 00:00:00 ; elapsed = 00:00:00.353 . Memory (MB): peak = 1981.043 ; gain = 0.000
INFO: [Opt 31-389] Phase Sweep created 5 cells and removed 1 cells

Phase 4 BUFG optimization
Phase 4 BUFG optimization | Checksum: 201e8ce34

Time (s): cpu = 00:00:00 ; elapsed = 00:00:00.402 . Memory (MB): peak = 1981.043 ; gain = 0.000
INFO: [Opt 31-662] Phase BUFG optimization created 0 cells of which 0 are BUFGs and removed 0 cells.

Phase 5 Shift Register Optimization
INFO: [Opt 31-1064] SRL Remap converted 0 SRLs to 0 registers and converted 0 registers of register chains to 0 SRLs
Phase 5 Shift Register Optimization | Checksum: 201e8ce34

Time (s): cpu = 00:00:00 ; elapsed = 00:00:00.412 . Memory (MB): peak = 1981.043 ; gain = 0.000
INFO: [Opt 31-389] Phase Shift Register Optimization created 0 cells and removed 0 cells

Phase 6 Post Processing Netlist
Phase 6 Post Processing Netlist | Checksum: 173ab8b46

Time (s): cpu = 00:00:00 ; elapsed = 00:00:00.428 . Memory (MB): peak = 1981.043 ; gain = 0.000
INFO: [Opt 31-389] Phase Post Processing Netlist created 0 cells and removed 0 cells
Opt_design Change Summary
=========================


-------------------------------------------------------------------------------------------------------------------------
|  Phase                        |  #Cells created  |  #Cells Removed  |  #Constrained objects preventing optimizations  |
-------------------------------------------------------------------------------------------------------------------------
|  Retarget                     |               0  |               6  |                                              1  |
|  Constant propagation         |               0  |               0  |                                              0  |
|  Sweep                        |               5  |               1  |                                              0  |
|  BUFG optimization            |               0  |               0  |                                              0  |
|  Shift Register Optimization  |               0  |               0  |                                              0  |
|  Post Processing Netlist      |               0  |               0  |                                              0  |
-------------------------------------------------------------------------------------------------------------------------



Starting Connectivity Check Task

Time (s): cpu = 00:00:00 ; elapsed = 00:00:00.011 . Memory (MB): peak = 1981.043 ; gain = 0.000
Ending Logic Optimization Task | Checksum: 248a84144

Time (s): cpu = 00:00:00 ; elapsed = 00:00:00.465 . Memory (MB): peak = 1981.043 ; gain = 0.000

Starting Power Optimization Task
INFO: [Pwropt 34-132] Skipping clock gating for clocks with a period < 2.00 ns.
INFO: [Pwropt 34-9] Applying IDT optimizations ...
INFO: [Pwropt 34-10] Applying ODC optimizations ...
INFO: [Timing 38-35] Done setting XDC timing constraints.
Running Vector-less Activity Propagation...

Finished Running Vector-less Activity Propagation


Starting PowerOpt Patch Enables Task
INFO: [Pwropt 34-162] WRITE_MODE attribute of 0 BRAM(s) out of a total of 1 has been updated to save power. Run report_power_opt to get a complete listing of the BRAMs updated.
INFO: [Pwropt 34-201] Structural ODC has moved 0 WE to EN ports
Number of BRAM Ports augmented: 0 newly gated: 0 Total Ports: 2
Ending PowerOpt Patch Enables Task | Checksum: 248a84144

Time (s): cpu = 00:00:01 ; elapsed = 00:00:00.019 . Memory (MB): peak = 2065.703 ; gain = 0.000
Ending Power Optimization Task | Checksum: 248a84144

Time (s): cpu = 00:00:03 ; elapsed = 00:00:01 . Memory (MB): peak = 2065.703 ; gain = 84.660

Starting Final Cleanup Task
Ending Final Cleanup Task | Checksum: 248a84144

Time (s): cpu = 00:00:00 ; elapsed = 00:00:00 . Memory (MB): peak = 2065.703 ; gain = 0.000

Starting Netlist Obfuscation Task
Netlist sorting complete. Time (s): cpu = 00:00:00 ; elapsed = 00:00:00.002 . Memory (MB): peak = 2065.703 ; gain = 0.000
Ending Netlist Obfuscation Task | Checksum: 248a84144

Time (s): cpu = 00:00:00 ; elapsed = 00:00:00.002 . Memory (MB): peak = 2065.703 ; gain = 0.000
INFO: [Common 17-83] Releasing license: Implementation
35 Infos, 0 Warnings, 0 Critical Warnings and 0 Errors encountered.
opt_design completed successfully
opt_design: Time (s): cpu = 00:00:11 ; elapsed = 00:00:09 . Memory (MB): peak = 2065.703 ; gain = 1041.730
INFO: [Timing 38-480] Writing timing data to binary archive.
Writing XDEF routing.
Writing XDEF routing logical nets.
Writing XDEF routing special nets.
Write XDEF Complete: Time (s): cpu = 00:00:00 ; elapsed = 00:00:00.015 . Memory (MB): peak = 2065.703 ; gain = 0.000
INFO: [Common 17-1381] The checkpoint 'C:/Users/David_Y9000P/Desktop/CSCourses/arch/labs/lab1/Exp1.runs/impl_1/top_opt.dcp' has been generated.
INFO: [runtcl-4] Executing : report_drc -file top_drc_opted.rpt -pb top_drc_opted.pb -rpx top_drc_opted.rpx
Command: report_drc -file top_drc_opted.rpt -pb top_drc_opted.pb -rpx top_drc_opted.rpx
INFO: [IP_Flow 19-234] Refreshing IP repositories
INFO: [IP_Flow 19-1704] No user IP repositories specified
INFO: [IP_Flow 19-2313] Loaded Vivado IP repository 'C:/Xilinx/Vivado/2022.2/data/ip'.
INFO: [DRC 23-27] Running DRC with 2 threads
INFO: [Vivado_Tcl 2-168] The results of DRC are in file C:/Users/David_Y9000P/Desktop/CSCourses/arch/labs/lab1/Exp1.runs/impl_1/top_drc_opted.rpt.
report_drc completed successfully
Command: place_design
Attempting to get a license for feature 'Implementation' and/or device 'xc7k325t'
INFO: [Common 17-349] Got license for feature 'Implementation' and/or device 'xc7k325t'
INFO: [DRC 23-27] Running DRC with 2 threads
INFO: [Vivado_Tcl 4-198] DRC finished with 0 Errors
INFO: [Vivado_Tcl 4-199] Please refer to the DRC report (report_drc) for more information.
Running DRC as a precondition to command place_design
INFO: [DRC 23-27] Running DRC with 2 threads
INFO: [Vivado_Tcl 4-198] DRC finished with 0 Errors
INFO: [Vivado_Tcl 4-199] Please refer to the DRC report (report_drc) for more information.

Starting Placer Task
INFO: [Place 30-611] Multithreading enabled for place_design using a maximum of 2 CPUs

Phase 1 Placer Initialization

Phase 1.1 Placer Initialization Netlist Sorting
Netlist sorting complete. Time (s): cpu = 00:00:00 ; elapsed = 00:00:00.001 . Memory (MB): peak = 2065.703 ; gain = 0.000
Phase 1.1 Placer Initialization Netlist Sorting | Checksum: 1e4d1d282

Time (s): cpu = 00:00:00 ; elapsed = 00:00:00.016 . Memory (MB): peak = 2065.703 ; gain = 0.000
Netlist sorting complete. Time (s): cpu = 00:00:00 ; elapsed = 00:00:00.001 . Memory (MB): peak = 2065.703 ; gain = 0.000

Phase 1.2 IO Placement/ Clock Placement/ Build Placer Device
INFO: [Timing 38-35] Done setting XDC timing constraints.
Phase 1.2 IO Placement/ Clock Placement/ Build Placer Device | Checksum: 4c52a5d6

Time (s): cpu = 00:00:01 ; elapsed = 00:00:00.615 . Memory (MB): peak = 2065.703 ; gain = 0.000

Phase 1.3 Build Placer Netlist Model
Phase 1.3 Build Placer Netlist Model | Checksum: e6ab5e2c

Time (s): cpu = 00:00:02 ; elapsed = 00:00:02 . Memory (MB): peak = 2065.703 ; gain = 0.000

Phase 1.4 Constrain Clocks/Macros
Phase 1.4 Constrain Clocks/Macros | Checksum: e6ab5e2c

Time (s): cpu = 00:00:02 ; elapsed = 00:00:02 . Memory (MB): peak = 2065.703 ; gain = 0.000
Phase 1 Placer Initialization | Checksum: e6ab5e2c

Time (s): cpu = 00:00:02 ; elapsed = 00:00:02 . Memory (MB): peak = 2065.703 ; gain = 0.000

Phase 2 Global Placement

Phase 2.1 Floorplanning
Phase 2.1 Floorplanning | Checksum: a26ac35c

Time (s): cpu = 00:00:03 ; elapsed = 00:00:02 . Memory (MB): peak = 2065.703 ; gain = 0.000

Phase 2.2 Update Timing before SLR Path Opt
Phase 2.2 Update Timing before SLR Path Opt | Checksum: ebd303c4

Time (s): cpu = 00:00:03 ; elapsed = 00:00:02 . Memory (MB): peak = 2065.703 ; gain = 0.000

Phase 2.3 Post-Processing in Floorplanning
Phase 2.3 Post-Processing in Floorplanning | Checksum: ebd303c4

Time (s): cpu = 00:00:03 ; elapsed = 00:00:02 . Memory (MB): peak = 2065.703 ; gain = 0.000

Phase 2.4 Global Placement Core

Phase 2.4.1 UpdateTiming Before Physical Synthesis
Phase 2.4.1 UpdateTiming Before Physical Synthesis | Checksum: 153463955

Time (s): cpu = 00:00:17 ; elapsed = 00:00:10 . Memory (MB): peak = 2065.703 ; gain = 0.000

Phase 2.4.2 Physical Synthesis In Placer
INFO: [Physopt 32-1035] Found 232 LUTNM shape to break, 122 LUT instances to create LUTNM shape
INFO: [Physopt 32-1044] Break lutnm for timing: one critical 100, two critical 132, total 232, new lutff created 0
INFO: [Physopt 32-1138] End 1 Pass. Optimized 283 nets or LUTs. Breaked 232 LUTs, combined 51 existing LUTs and moved 0 existing LUT
INFO: [Physopt 32-76] Pass 1. Identified 1 candidate net for fanout optimization.
INFO: [Physopt 32-81] Processed net core/reg_EXE_MEM/Q[2]. Replicated 8 times.
INFO: [Physopt 32-232] Optimized 1 net. Created 8 new instances.
INFO: [Physopt 32-775] End 1 Pass. Optimized 1 net or cell. Created 8 new cells, deleted 0 existing cell and moved 0 existing cell
Netlist sorting complete. Time (s): cpu = 00:00:00 ; elapsed = 00:00:00.016 . Memory (MB): peak = 2065.703 ; gain = 0.000
INFO: [Physopt 32-456] No candidate cells for DSP register optimization found in the design.
INFO: [Physopt 32-775] End 2 Pass. Optimized 0 net or cell. Created 0 new cell, deleted 0 existing cell and moved 0 existing cell
INFO: [Physopt 32-1123] No candidate cells found for Shift Register to Pipeline optimization
INFO: [Physopt 32-775] End 2 Pass. Optimized 0 net or cell. Created 0 new cell, deleted 0 existing cell and moved 0 existing cell
INFO: [Physopt 32-677] No candidate cells for Shift Register optimization found in the design
INFO: [Physopt 32-775] End 1 Pass. Optimized 0 net or cell. Created 0 new cell, deleted 0 existing cell and moved 0 existing cell
INFO: [Physopt 32-526] No candidate cells for BRAM register optimization found in the design
INFO: [Physopt 32-775] End 1 Pass. Optimized 0 net or cell. Created 0 new cell, deleted 0 existing cell and moved 0 existing cell
INFO: [Physopt 32-846] No candidate cells for URAM register optimization found in the design
INFO: [Physopt 32-775] End 2 Pass. Optimized 0 net or cell. Created 0 new cell, deleted 0 existing cell and moved 0 existing cell
INFO: [Physopt 32-949] No candidate nets found for dynamic/static region interface net replication
INFO: [Physopt 32-775] End 1 Pass. Optimized 0 net or cell. Created 0 new cell, deleted 0 existing cell and moved 0 existing cell
Netlist sorting complete. Time (s): cpu = 00:00:00 ; elapsed = 00:00:00.001 . Memory (MB): peak = 2065.703 ; gain = 0.000
INFO: [Physopt 32-68] No nets found for critical-cell optimization.
INFO: [Physopt 32-232] Optimized 0 net. Created 0 new instance.
INFO: [Physopt 32-775] End 1 Pass. Optimized 0 net or cell. Created 0 new cell, deleted 0 existing cell and moved 0 existing cell
Netlist sorting complete. Time (s): cpu = 00:00:00 ; elapsed = 00:00:00.001 . Memory (MB): peak = 2065.703 ; gain = 0.000

Summary of Physical Synthesis Optimizations
============================================


-----------------------------------------------------------------------------------------------------------------------------------------------------------
|  Optimization                                     |  Added Cells  |  Removed Cells  |  Optimized Cells/Nets  |  Dont Touch  |  Iterations  |  Elapsed   |
-----------------------------------------------------------------------------------------------------------------------------------------------------------
|  LUT Combining                                    |          232  |             51  |                   283  |           0  |           1  |  00:00:00  |
|  Retime                                           |            0  |              0  |                     0  |           0  |           1  |  00:00:00  |
|  Very High Fanout                                 |            8  |              0  |                     1  |           0  |           1  |  00:00:00  |
|  DSP Register                                     |            0  |              0  |                     0  |           0  |           1  |  00:00:00  |
|  Shift Register to Pipeline                       |            0  |              0  |                     0  |           0  |           1  |  00:00:00  |
|  Shift Register                                   |            0  |              0  |                     0  |           0  |           1  |  00:00:00  |
|  BRAM Register                                    |            0  |              0  |                     0  |           0  |           1  |  00:00:00  |
|  URAM Register                                    |            0  |              0  |                     0  |           0  |           1  |  00:00:00  |
|  Dynamic/Static Region Interface Net Replication  |            0  |              0  |                     0  |           0  |           1  |  00:00:00  |
|  Critical Cell                                    |            0  |              0  |                     0  |           0  |           1  |  00:00:00  |
|  Total                                            |          240  |             51  |                   284  |           0  |          10  |  00:00:00  |
-----------------------------------------------------------------------------------------------------------------------------------------------------------


Phase 2.4.2 Physical Synthesis In Placer | Checksum: 1365c6401

Time (s): cpu = 00:00:18 ; elapsed = 00:00:11 . Memory (MB): peak = 2065.703 ; gain = 0.000
Phase 2.4 Global Placement Core | Checksum: 79f7efa1

Time (s): cpu = 00:00:19 ; elapsed = 00:00:11 . Memory (MB): peak = 2065.703 ; gain = 0.000
Phase 2 Global Placement | Checksum: 79f7efa1

Time (s): cpu = 00:00:19 ; elapsed = 00:00:11 . Memory (MB): peak = 2065.703 ; gain = 0.000

Phase 3 Detail Placement

Phase 3.1 Commit Multi Column Macros
Phase 3.1 Commit Multi Column Macros | Checksum: 148979353

Time (s): cpu = 00:00:19 ; elapsed = 00:00:12 . Memory (MB): peak = 2065.703 ; gain = 0.000

Phase 3.2 Commit Most Macros & LUTRAMs
Phase 3.2 Commit Most Macros & LUTRAMs | Checksum: 1219b40f6

Time (s): cpu = 00:00:20 ; elapsed = 00:00:13 . Memory (MB): peak = 2065.703 ; gain = 0.000

Phase 3.3 Area Swap Optimization
Phase 3.3 Area Swap Optimization | Checksum: ab7bfbf6

Time (s): cpu = 00:00:21 ; elapsed = 00:00:13 . Memory (MB): peak = 2065.703 ; gain = 0.000

Phase 3.4 Pipeline Register Optimization
Phase 3.4 Pipeline Register Optimization | Checksum: 1767d8712

Time (s): cpu = 00:00:21 ; elapsed = 00:00:13 . Memory (MB): peak = 2065.703 ; gain = 0.000

Phase 3.5 Fast Optimization
Phase 3.5 Fast Optimization | Checksum: 17d19dbb3

Time (s): cpu = 00:00:25 ; elapsed = 00:00:17 . Memory (MB): peak = 2065.703 ; gain = 0.000

Phase 3.6 Small Shape Detail Placement
Phase 3.6 Small Shape Detail Placement | Checksum: b2567623

Time (s): cpu = 00:00:32 ; elapsed = 00:00:25 . Memory (MB): peak = 2065.703 ; gain = 0.000

Phase 3.7 Re-assign LUT pins
Phase 3.7 Re-assign LUT pins | Checksum: c2014fcb

Time (s): cpu = 00:00:32 ; elapsed = 00:00:26 . Memory (MB): peak = 2065.703 ; gain = 0.000

Phase 3.8 Pipeline Register Optimization
Phase 3.8 Pipeline Register Optimization | Checksum: debf0630

Time (s): cpu = 00:00:32 ; elapsed = 00:00:26 . Memory (MB): peak = 2065.703 ; gain = 0.000

Phase 3.9 Fast Optimization
Phase 3.9 Fast Optimization | Checksum: 113095635

Time (s): cpu = 00:00:37 ; elapsed = 00:00:30 . Memory (MB): peak = 2065.703 ; gain = 0.000
Phase 3 Detail Placement | Checksum: 113095635

Time (s): cpu = 00:00:37 ; elapsed = 00:00:30 . Memory (MB): peak = 2065.703 ; gain = 0.000

Phase 4 Post Placement Optimization and Clean-Up

Phase 4.1 Post Commit Optimization
INFO: [Timing 38-35] Done setting XDC timing constraints.

Phase 4.1.1 Post Placement Optimization
Post Placement Optimization Initialization | Checksum: 1eb1fba21

Phase 4.1.1.1 BUFG Insertion

Starting Physical Synthesis Task

Phase 1 Physical Synthesis Initialization
INFO: [Physopt 32-721] Multithreading enabled for phys_opt_design using a maximum of 2 CPUs
INFO: [Physopt 32-619] Estimated Timing Summary | WNS=-5.759 | TNS=-884.451 |
Phase 1 Physical Synthesis Initialization | Checksum: 17f342358

Time (s): cpu = 00:00:01 ; elapsed = 00:00:00.193 . Memory (MB): peak = 2097.977 ; gain = 0.000
INFO: [Place 46-33] Processed net rst_all, BUFG insertion was skipped due to placement/routing conflicts.
INFO: [Place 46-33] Processed net core/data_ram/data[126][7]_i_1_n_0, BUFG insertion was skipped due to placement/routing conflicts.
INFO: [Place 46-56] BUFG insertion identified 2 candidate nets. Inserted BUFG: 0, Replicated BUFG Driver: 0, Skipped due to Placement/Routing Conflicts: 2, Skipped due to Timing Degradation: 0, Skipped due to Illegal Netlist: 0.
Ending Physical Synthesis Task | Checksum: 1a2861e24

Time (s): cpu = 00:00:01 ; elapsed = 00:00:00.362 . Memory (MB): peak = 2097.977 ; gain = 0.000
Phase 4.1.1.1 BUFG Insertion | Checksum: 1eb1fba21

Time (s): cpu = 00:00:39 ; elapsed = 00:00:32 . Memory (MB): peak = 2097.977 ; gain = 32.273

Phase 4.1.1.2 Post Placement Timing Optimization
INFO: [Place 30-746] Post Placement Timing Summary WNS=-4.820. For the most accurate timing information please run report_timing.
Phase 4.1.1.2 Post Placement Timing Optimization | Checksum: 1b795f88b

Time (s): cpu = 00:00:54 ; elapsed = 00:00:47 . Memory (MB): peak = 2097.977 ; gain = 32.273

Time (s): cpu = 00:00:54 ; elapsed = 00:00:47 . Memory (MB): peak = 2097.977 ; gain = 32.273
Phase 4.1 Post Commit Optimization | Checksum: 1b795f88b

Time (s): cpu = 00:00:54 ; elapsed = 00:00:47 . Memory (MB): peak = 2097.977 ; gain = 32.273

Phase 4.2 Post Placement Cleanup
Phase 4.2 Post Placement Cleanup | Checksum: 1b795f88b

Time (s): cpu = 00:00:54 ; elapsed = 00:00:47 . Memory (MB): peak = 2097.977 ; gain = 32.273

Phase 4.3 Placer Reporting

Phase 4.3.1 Print Estimated Congestion
INFO: [Place 30-612] Post-Placement Estimated Congestion 
 ____________________________________________________
|           | Global Congestion | Short Congestion  |
| Direction | Region Size       | Region Size       |
|___________|___________________|___________________|
|      North|              16x16|              16x16|
|___________|___________________|___________________|
|      South|                2x2|                4x4|
|___________|___________________|___________________|
|       East|                4x4|                4x4|
|___________|___________________|___________________|
|       West|                8x8|                8x8|
|___________|___________________|___________________|

Phase 4.3.1 Print Estimated Congestion | Checksum: 1b795f88b

Time (s): cpu = 00:00:54 ; elapsed = 00:00:47 . Memory (MB): peak = 2097.977 ; gain = 32.273
Phase 4.3 Placer Reporting | Checksum: 1b795f88b

Time (s): cpu = 00:00:54 ; elapsed = 00:00:47 . Memory (MB): peak = 2097.977 ; gain = 32.273

Phase 4.4 Final Placement Cleanup
Netlist sorting complete. Time (s): cpu = 00:00:00 ; elapsed = 00:00:00.005 . Memory (MB): peak = 2097.977 ; gain = 0.000

Time (s): cpu = 00:00:54 ; elapsed = 00:00:47 . Memory (MB): peak = 2097.977 ; gain = 32.273
Phase 4 Post Placement Optimization and Clean-Up | Checksum: 159b359ad

Time (s): cpu = 00:00:54 ; elapsed = 00:00:47 . Memory (MB): peak = 2097.977 ; gain = 32.273
Ending Placer Task | Checksum: b54e0dda

Time (s): cpu = 00:00:54 ; elapsed = 00:00:47 . Memory (MB): peak = 2097.977 ; gain = 32.273
INFO: [Common 17-83] Releasing license: Implementation
83 Infos, 0 Warnings, 0 Critical Warnings and 0 Errors encountered.
place_design completed successfully
place_design: Time (s): cpu = 00:00:55 ; elapsed = 00:00:48 . Memory (MB): peak = 2097.977 ; gain = 32.273
INFO: [Timing 38-480] Writing timing data to binary archive.
Writing XDEF routing.
Writing XDEF routing logical nets.
Writing XDEF routing special nets.
Write XDEF Complete: Time (s): cpu = 00:00:01 ; elapsed = 00:00:00.537 . Memory (MB): peak = 2097.977 ; gain = 0.000
INFO: [Common 17-1381] The checkpoint 'C:/Users/David_Y9000P/Desktop/CSCourses/arch/labs/lab1/Exp1.runs/impl_1/top_placed.dcp' has been generated.
INFO: [runtcl-4] Executing : report_io -file top_io_placed.rpt
report_io: Time (s): cpu = 00:00:00 ; elapsed = 00:00:00.075 . Memory (MB): peak = 2097.977 ; gain = 0.000
INFO: [runtcl-4] Executing : report_utilization -file top_utilization_placed.rpt -pb top_utilization_placed.pb
INFO: [runtcl-4] Executing : report_control_sets -verbose -file top_control_sets_placed.rpt
report_control_sets: Time (s): cpu = 00:00:00 ; elapsed = 00:00:00.008 . Memory (MB): peak = 2097.977 ; gain = 0.000
Command: route_design
Attempting to get a license for feature 'Implementation' and/or device 'xc7k325t'
INFO: [Common 17-349] Got license for feature 'Implementation' and/or device 'xc7k325t'
Running DRC as a precondition to command route_design
INFO: [DRC 23-27] Running DRC with 2 threads
INFO: [Vivado_Tcl 4-198] DRC finished with 0 Errors
INFO: [Vivado_Tcl 4-199] Please refer to the DRC report (report_drc) for more information.


Starting Routing Task
INFO: [Route 35-254] Multithreading enabled for route_design using a maximum of 2 CPUs

Phase 1 Build RT Design
Checksum: PlaceDB: 48741b67 ConstDB: 0 ShapeSum: 6cd9f273 RouteDB: 0
Post Restoration Checksum: NetGraph: 35907de0 NumContArr: b35ef4cc Constraints: 0 Timing: 0
Phase 1 Build RT Design | Checksum: e8ef72ac

Time (s): cpu = 00:00:20 ; elapsed = 00:00:15 . Memory (MB): peak = 2335.914 ; gain = 237.938

Phase 2 Router Initialization

Phase 2.1 Fix Topology Constraints
Phase 2.1 Fix Topology Constraints | Checksum: e8ef72ac

Time (s): cpu = 00:00:21 ; elapsed = 00:00:16 . Memory (MB): peak = 2345.109 ; gain = 247.133

Phase 2.2 Pre Route Cleanup
Phase 2.2 Pre Route Cleanup | Checksum: e8ef72ac

Time (s): cpu = 00:00:21 ; elapsed = 00:00:16 . Memory (MB): peak = 2345.109 ; gain = 247.133
 Number of Nodes with overlaps = 0

Phase 2.3 Update Timing
Phase 2.3 Update Timing | Checksum: 15e1eb988

Time (s): cpu = 00:00:25 ; elapsed = 00:00:19 . Memory (MB): peak = 2451.094 ; gain = 353.117
INFO: [Route 35-416] Intermediate Timing Summary | WNS=-4.814 | TNS=-695.929| WHS=-1.026 | THS=-485.730|


Router Utilization Summary
  Global Vertical Routing Utilization    = 0.00265305 %
  Global Horizontal Routing Utilization  = 0.00138953 %
  Routable Net Status*
  *Does not include unroutable nets such as driverless and loadless.
  Run report_route_status for detailed report.
  Number of Failed Nets               = 9572
    (Failed Nets is the sum of unrouted and partially routed nets)
  Number of Unrouted Nets             = 9571
  Number of Partially Routed Nets     = 1
  Number of Node Overlaps             = 1

Phase 2 Router Initialization | Checksum: 229f099ed

Time (s): cpu = 00:00:27 ; elapsed = 00:00:20 . Memory (MB): peak = 2451.094 ; gain = 353.117

Phase 3 Initial Routing

Phase 3.1 Global Routing
Phase 3.1 Global Routing | Checksum: 229f099ed

Time (s): cpu = 00:00:27 ; elapsed = 00:00:20 . Memory (MB): peak = 2451.094 ; gain = 353.117
Phase 3 Initial Routing | Checksum: 23b74ef76

Time (s): cpu = 00:00:30 ; elapsed = 00:00:22 . Memory (MB): peak = 2451.094 ; gain = 353.117
INFO: [Route 35-580] Design has 13 pins with tight setup and hold constraints.

The top 5 pins with tight setup and hold constraints:

+====================+===================+=============================+
| Launch Setup Clock | Launch Hold Clock | Pin                         |
+====================+===================+=============================+
| clkout0            | clkout2           | vga/ascii_code_reg[4]/D     |
| clkout0            | clkout2           | vga/ascii_code_reg[1]/D     |
| clkout0            | clkout2           | vga/ascii_code_reg[6]/D     |
| clkout0            | clkout2           | vga/ascii_code_reg[0]_inv/D |
| clkout0            | clkout2           | vga/ascii_code_reg[2]/D     |
+--------------------+-------------------+-----------------------------+

File with complete list of pins: tight_setup_hold_pins.txt


Phase 4 Rip-up And Reroute

Phase 4.1 Global Iteration 0
 Number of Nodes with overlaps = 7832

*** Running vivado
    with args -log top.vdi -applog -m64 -product Vivado -messageDb vivado.pb -mode batch -source top.tcl -notrace



****** Vivado v2022.2 (64-bit)
  **** SW Build 3671981 on Fri Oct 14 05:00:03 MDT 2022
  **** IP Build 3669848 on Fri Oct 14 08:30:02 MDT 2022
    ** Copyright 1986-2022 Xilinx, Inc. All Rights Reserved.

source top.tcl -notrace
Command: link_design -top top -part xc7k325tffg676-2L
Design is defaulting to srcset: sources_1
Design is defaulting to constrset: constrs_1
INFO: [Device 21-403] Loading part xc7k325tffg676-2L
Netlist sorting complete. Time (s): cpu = 00:00:00 ; elapsed = 00:00:00.045 . Memory (MB): peak = 866.617 ; gain = 0.000
INFO: [Netlist 29-17] Analyzing 1369 Unisim elements for replacement
INFO: [Netlist 29-28] Unisim Transformation completed in 1 CPU seconds
INFO: [Project 1-479] Netlist was created with Vivado 2022.2
INFO: [Project 1-570] Preparing netlist for logic optimization
Parsing XDC File [C:/Users/David_Y9000P/Desktop/CSCourses/arch/labs/lab1/code/constraint.xdc]
Finished Parsing XDC File [C:/Users/David_Y9000P/Desktop/CSCourses/arch/labs/lab1/code/constraint.xdc]
INFO: [Opt 31-138] Pushed 0 inverter(s) to 0 load pin(s).
Netlist sorting complete. Time (s): cpu = 00:00:00 ; elapsed = 00:00:00.002 . Memory (MB): peak = 1024.906 ; gain = 0.000
INFO: [Project 1-111] Unisim Transformation Summary:
  A total of 7 instances were transformed.
  RAM32M => RAM32M (RAMD32(x6), RAMS32(x2)): 5 instances
  RAM32X1D => RAM32X1D (RAMD32(x2)): 2 instances

7 Infos, 0 Warnings, 0 Critical Warnings and 0 Errors encountered.
link_design completed successfully
Command: opt_design
Attempting to get a license for feature 'Implementation' and/or device 'xc7k325t'
INFO: [Common 17-349] Got license for feature 'Implementation' and/or device 'xc7k325t'
Running DRC as a precondition to command opt_design

Starting DRC Task
INFO: [DRC 23-27] Running DRC with 2 threads
INFO: [Project 1-461] DRC finished with 0 Errors
INFO: [Project 1-462] Please refer to the DRC report (report_drc) for more information.

Time (s): cpu = 00:00:01 ; elapsed = 00:00:00.690 . Memory (MB): peak = 1045.918 ; gain = 21.012

Starting Cache Timing Information Task
INFO: [Timing 38-35] Done setting XDC timing constraints.
INFO: [Timing 38-2] Deriving generated clocks
Ending Cache Timing Information Task | Checksum: 294f80b9c

Time (s): cpu = 00:00:06 ; elapsed = 00:00:06 . Memory (MB): peak = 1646.137 ; gain = 600.219

Starting Logic Optimization Task

Phase 1 Retarget
INFO: [Opt 31-1287] Pulled Inverter core/reg_ID_EX/IR_ID[31]_i_1 into driver instance core/reg_ID_EX/IR_ID[31]_i_3, which resulted in an inversion of 37 pins
INFO: [Opt 31-1287] Pulled Inverter vga/U12/ascii_code[6]_i_320 into driver instance vga/U12/data_buf_reg_0_3_0_5_i_32, which resulted in an inversion of 8 pins
INFO: [Opt 31-1287] Pulled Inverter vga/U12/ascii_code[6]_i_324 into driver instance vga/U12/data_buf_reg_0_3_0_5_i_33, which resulted in an inversion of 6 pins
INFO: [Opt 31-1287] Pulled Inverter vga/U12/strdata[53]_i_1 into driver instance vga/U12/G[3]_i_3, which resulted in an inversion of 86 pins
INFO: [Opt 31-138] Pushed 0 inverter(s) to 0 load pin(s).
INFO: [Opt 31-49] Retargeted 0 cell(s).
Phase 1 Retarget | Checksum: 1dd186b7a

Time (s): cpu = 00:00:00 ; elapsed = 00:00:00.301 . Memory (MB): peak = 1981.719 ; gain = 0.000
INFO: [Opt 31-389] Phase Retarget created 0 cells and removed 6 cells
INFO: [Opt 31-1021] In phase Retarget, 1 netlist objects are constrained preventing optimization. Please run opt_design with -debug_log to get more detail. 

Phase 2 Constant propagation
INFO: [Opt 31-138] Pushed 0 inverter(s) to 0 load pin(s).
Phase 2 Constant propagation | Checksum: 1704496db

Time (s): cpu = 00:00:00 ; elapsed = 00:00:00.367 . Memory (MB): peak = 1981.719 ; gain = 0.000
INFO: [Opt 31-389] Phase Constant propagation created 0 cells and removed 0 cells

Phase 3 Sweep
Phase 3 Sweep | Checksum: 21402094e

Time (s): cpu = 00:00:00 ; elapsed = 00:00:00.419 . Memory (MB): peak = 1981.719 ; gain = 0.000
INFO: [Opt 31-389] Phase Sweep created 5 cells and removed 1 cells

Phase 4 BUFG optimization
Phase 4 BUFG optimization | Checksum: 21402094e

Time (s): cpu = 00:00:00 ; elapsed = 00:00:00.476 . Memory (MB): peak = 1981.719 ; gain = 0.000
INFO: [Opt 31-662] Phase BUFG optimization created 0 cells of which 0 are BUFGs and removed 0 cells.

Phase 5 Shift Register Optimization
INFO: [Opt 31-1064] SRL Remap converted 0 SRLs to 0 registers and converted 0 registers of register chains to 0 SRLs
Phase 5 Shift Register Optimization | Checksum: 21402094e

Time (s): cpu = 00:00:00 ; elapsed = 00:00:00.485 . Memory (MB): peak = 1981.719 ; gain = 0.000
INFO: [Opt 31-389] Phase Shift Register Optimization created 0 cells and removed 0 cells

Phase 6 Post Processing Netlist
Phase 6 Post Processing Netlist | Checksum: 2275bd9fe

Time (s): cpu = 00:00:01 ; elapsed = 00:00:00.502 . Memory (MB): peak = 1981.719 ; gain = 0.000
INFO: [Opt 31-389] Phase Post Processing Netlist created 0 cells and removed 0 cells
Opt_design Change Summary
=========================


-------------------------------------------------------------------------------------------------------------------------
|  Phase                        |  #Cells created  |  #Cells Removed  |  #Constrained objects preventing optimizations  |
-------------------------------------------------------------------------------------------------------------------------
|  Retarget                     |               0  |               6  |                                              1  |
|  Constant propagation         |               0  |               0  |                                              0  |
|  Sweep                        |               5  |               1  |                                              0  |
|  BUFG optimization            |               0  |               0  |                                              0  |
|  Shift Register Optimization  |               0  |               0  |                                              0  |
|  Post Processing Netlist      |               0  |               0  |                                              0  |
-------------------------------------------------------------------------------------------------------------------------



Starting Connectivity Check Task

Time (s): cpu = 00:00:00 ; elapsed = 00:00:00.014 . Memory (MB): peak = 1981.719 ; gain = 0.000
Ending Logic Optimization Task | Checksum: 146843f72

Time (s): cpu = 00:00:01 ; elapsed = 00:00:00.546 . Memory (MB): peak = 1981.719 ; gain = 0.000

Starting Power Optimization Task
INFO: [Pwropt 34-132] Skipping clock gating for clocks with a period < 2.00 ns.
INFO: [Pwropt 34-9] Applying IDT optimizations ...
INFO: [Pwropt 34-10] Applying ODC optimizations ...
INFO: [Timing 38-35] Done setting XDC timing constraints.
Running Vector-less Activity Propagation...

Finished Running Vector-less Activity Propagation


Starting PowerOpt Patch Enables Task
INFO: [Pwropt 34-162] WRITE_MODE attribute of 0 BRAM(s) out of a total of 1 has been updated to save power. Run report_power_opt to get a complete listing of the BRAMs updated.
INFO: [Pwropt 34-201] Structural ODC has moved 0 WE to EN ports
Number of BRAM Ports augmented: 0 newly gated: 0 Total Ports: 2
Ending PowerOpt Patch Enables Task | Checksum: 146843f72

Time (s): cpu = 00:00:00 ; elapsed = 00:00:00.019 . Memory (MB): peak = 2064.715 ; gain = 0.000
Ending Power Optimization Task | Checksum: 146843f72

Time (s): cpu = 00:00:02 ; elapsed = 00:00:01 . Memory (MB): peak = 2064.715 ; gain = 82.996

Starting Final Cleanup Task
Ending Final Cleanup Task | Checksum: 146843f72

Time (s): cpu = 00:00:00 ; elapsed = 00:00:00.001 . Memory (MB): peak = 2064.715 ; gain = 0.000

Starting Netlist Obfuscation Task
Netlist sorting complete. Time (s): cpu = 00:00:00 ; elapsed = 00:00:00.001 . Memory (MB): peak = 2064.715 ; gain = 0.000
Ending Netlist Obfuscation Task | Checksum: 146843f72

Time (s): cpu = 00:00:00 ; elapsed = 00:00:00.002 . Memory (MB): peak = 2064.715 ; gain = 0.000
INFO: [Common 17-83] Releasing license: Implementation
35 Infos, 0 Warnings, 0 Critical Warnings and 0 Errors encountered.
opt_design completed successfully
opt_design: Time (s): cpu = 00:00:12 ; elapsed = 00:00:10 . Memory (MB): peak = 2064.715 ; gain = 1039.809
INFO: [Timing 38-480] Writing timing data to binary archive.
Writing XDEF routing.
Writing XDEF routing logical nets.
Writing XDEF routing special nets.
Write XDEF Complete: Time (s): cpu = 00:00:00 ; elapsed = 00:00:00.022 . Memory (MB): peak = 2064.715 ; gain = 0.000
INFO: [Common 17-1381] The checkpoint 'C:/Users/David_Y9000P/Desktop/CSCourses/arch/labs/lab1/Exp1.runs/impl_1/top_opt.dcp' has been generated.
INFO: [runtcl-4] Executing : report_drc -file top_drc_opted.rpt -pb top_drc_opted.pb -rpx top_drc_opted.rpx
Command: report_drc -file top_drc_opted.rpt -pb top_drc_opted.pb -rpx top_drc_opted.rpx
INFO: [IP_Flow 19-234] Refreshing IP repositories
INFO: [IP_Flow 19-1704] No user IP repositories specified
INFO: [IP_Flow 19-2313] Loaded Vivado IP repository 'C:/Xilinx/Vivado/2022.2/data/ip'.
INFO: [DRC 23-27] Running DRC with 2 threads
INFO: [Vivado_Tcl 2-168] The results of DRC are in file C:/Users/David_Y9000P/Desktop/CSCourses/arch/labs/lab1/Exp1.runs/impl_1/top_drc_opted.rpt.
report_drc completed successfully
Command: place_design
Attempting to get a license for feature 'Implementation' and/or device 'xc7k325t'
INFO: [Common 17-349] Got license for feature 'Implementation' and/or device 'xc7k325t'
INFO: [DRC 23-27] Running DRC with 2 threads
INFO: [Vivado_Tcl 4-198] DRC finished with 0 Errors
INFO: [Vivado_Tcl 4-199] Please refer to the DRC report (report_drc) for more information.
Running DRC as a precondition to command place_design
INFO: [DRC 23-27] Running DRC with 2 threads
INFO: [Vivado_Tcl 4-198] DRC finished with 0 Errors
INFO: [Vivado_Tcl 4-199] Please refer to the DRC report (report_drc) for more information.

Starting Placer Task
INFO: [Place 30-611] Multithreading enabled for place_design using a maximum of 2 CPUs

Phase 1 Placer Initialization

Phase 1.1 Placer Initialization Netlist Sorting
Netlist sorting complete. Time (s): cpu = 00:00:00 ; elapsed = 00:00:00.002 . Memory (MB): peak = 2064.715 ; gain = 0.000
Phase 1.1 Placer Initialization Netlist Sorting | Checksum: 13eb0fe93

Time (s): cpu = 00:00:00 ; elapsed = 00:00:00.005 . Memory (MB): peak = 2064.715 ; gain = 0.000
Netlist sorting complete. Time (s): cpu = 00:00:00 ; elapsed = 00:00:00.001 . Memory (MB): peak = 2064.715 ; gain = 0.000

Phase 1.2 IO Placement/ Clock Placement/ Build Placer Device
INFO: [Timing 38-35] Done setting XDC timing constraints.
Phase 1.2 IO Placement/ Clock Placement/ Build Placer Device | Checksum: 3744d694

Time (s): cpu = 00:00:01 ; elapsed = 00:00:00.748 . Memory (MB): peak = 2064.715 ; gain = 0.000

Phase 1.3 Build Placer Netlist Model
Phase 1.3 Build Placer Netlist Model | Checksum: 6ac5263f

Time (s): cpu = 00:00:03 ; elapsed = 00:00:02 . Memory (MB): peak = 2064.715 ; gain = 0.000

Phase 1.4 Constrain Clocks/Macros
Phase 1.4 Constrain Clocks/Macros | Checksum: 6ac5263f

Time (s): cpu = 00:00:03 ; elapsed = 00:00:02 . Memory (MB): peak = 2064.715 ; gain = 0.000
Phase 1 Placer Initialization | Checksum: 6ac5263f

Time (s): cpu = 00:00:03 ; elapsed = 00:00:02 . Memory (MB): peak = 2064.715 ; gain = 0.000

Phase 2 Global Placement

Phase 2.1 Floorplanning
Phase 2.1 Floorplanning | Checksum: 9130ee55

Time (s): cpu = 00:00:04 ; elapsed = 00:00:02 . Memory (MB): peak = 2064.715 ; gain = 0.000

Phase 2.2 Update Timing before SLR Path Opt
Phase 2.2 Update Timing before SLR Path Opt | Checksum: 3d9f7fb7

Time (s): cpu = 00:00:04 ; elapsed = 00:00:03 . Memory (MB): peak = 2064.715 ; gain = 0.000

Phase 2.3 Post-Processing in Floorplanning
Phase 2.3 Post-Processing in Floorplanning | Checksum: 3d9f7fb7

Time (s): cpu = 00:00:04 ; elapsed = 00:00:03 . Memory (MB): peak = 2064.715 ; gain = 0.000

Phase 2.4 Global Placement Core

Phase 2.4.1 UpdateTiming Before Physical Synthesis
Phase 2.4.1 UpdateTiming Before Physical Synthesis | Checksum: 0dae0e6c

Time (s): cpu = 00:00:19 ; elapsed = 00:00:11 . Memory (MB): peak = 2064.715 ; gain = 0.000

Phase 2.4.2 Physical Synthesis In Placer
INFO: [Physopt 32-1035] Found 226 LUTNM shape to break, 105 LUT instances to create LUTNM shape
INFO: [Physopt 32-1044] Break lutnm for timing: one critical 97, two critical 129, total 226, new lutff created 0
INFO: [Physopt 32-1138] End 1 Pass. Optimized 270 nets or LUTs. Breaked 226 LUTs, combined 44 existing LUTs and moved 0 existing LUT
INFO: [Physopt 32-76] Pass 1. Identified 1 candidate net for fanout optimization.
INFO: [Physopt 32-81] Processed net core/reg_EXE_MEM/Q[2]. Replicated 7 times.
INFO: [Physopt 32-232] Optimized 1 net. Created 7 new instances.
INFO: [Physopt 32-775] End 1 Pass. Optimized 1 net or cell. Created 7 new cells, deleted 0 existing cell and moved 0 existing cell
Netlist sorting complete. Time (s): cpu = 00:00:00 ; elapsed = 00:00:00.016 . Memory (MB): peak = 2064.715 ; gain = 0.000
INFO: [Physopt 32-456] No candidate cells for DSP register optimization found in the design.
INFO: [Physopt 32-775] End 2 Pass. Optimized 0 net or cell. Created 0 new cell, deleted 0 existing cell and moved 0 existing cell
INFO: [Physopt 32-1123] No candidate cells found for Shift Register to Pipeline optimization
INFO: [Physopt 32-775] End 2 Pass. Optimized 0 net or cell. Created 0 new cell, deleted 0 existing cell and moved 0 existing cell
INFO: [Physopt 32-677] No candidate cells for Shift Register optimization found in the design
INFO: [Physopt 32-775] End 1 Pass. Optimized 0 net or cell. Created 0 new cell, deleted 0 existing cell and moved 0 existing cell
INFO: [Physopt 32-526] No candidate cells for BRAM register optimization found in the design
INFO: [Physopt 32-775] End 1 Pass. Optimized 0 net or cell. Created 0 new cell, deleted 0 existing cell and moved 0 existing cell
INFO: [Physopt 32-846] No candidate cells for URAM register optimization found in the design
INFO: [Physopt 32-775] End 2 Pass. Optimized 0 net or cell. Created 0 new cell, deleted 0 existing cell and moved 0 existing cell
INFO: [Physopt 32-949] No candidate nets found for dynamic/static region interface net replication
INFO: [Physopt 32-775] End 1 Pass. Optimized 0 net or cell. Created 0 new cell, deleted 0 existing cell and moved 0 existing cell
Netlist sorting complete. Time (s): cpu = 00:00:00 ; elapsed = 00:00:00.001 . Memory (MB): peak = 2064.715 ; gain = 0.000
INFO: [Physopt 32-68] No nets found for critical-cell optimization.
INFO: [Physopt 32-232] Optimized 0 net. Created 0 new instance.
INFO: [Physopt 32-775] End 1 Pass. Optimized 0 net or cell. Created 0 new cell, deleted 0 existing cell and moved 0 existing cell
Netlist sorting complete. Time (s): cpu = 00:00:00 ; elapsed = 00:00:00.001 . Memory (MB): peak = 2064.715 ; gain = 0.000

Summary of Physical Synthesis Optimizations
============================================


-----------------------------------------------------------------------------------------------------------------------------------------------------------
|  Optimization                                     |  Added Cells  |  Removed Cells  |  Optimized Cells/Nets  |  Dont Touch  |  Iterations  |  Elapsed   |
-----------------------------------------------------------------------------------------------------------------------------------------------------------
|  LUT Combining                                    |          226  |             44  |                   270  |           0  |           1  |  00:00:00  |
|  Retime                                           |            0  |              0  |                     0  |           0  |           1  |  00:00:00  |
|  Very High Fanout                                 |            7  |              0  |                     1  |           0  |           1  |  00:00:00  |
|  DSP Register                                     |            0  |              0  |                     0  |           0  |           1  |  00:00:00  |
|  Shift Register to Pipeline                       |            0  |              0  |                     0  |           0  |           1  |  00:00:00  |
|  Shift Register                                   |            0  |              0  |                     0  |           0  |           1  |  00:00:00  |
|  BRAM Register                                    |            0  |              0  |                     0  |           0  |           1  |  00:00:00  |
|  URAM Register                                    |            0  |              0  |                     0  |           0  |           1  |  00:00:00  |
|  Dynamic/Static Region Interface Net Replication  |            0  |              0  |                     0  |           0  |           1  |  00:00:00  |
|  Critical Cell                                    |            0  |              0  |                     0  |           0  |           1  |  00:00:00  |
|  Total                                            |          233  |             44  |                   271  |           0  |          10  |  00:00:00  |
-----------------------------------------------------------------------------------------------------------------------------------------------------------


Phase 2.4.2 Physical Synthesis In Placer | Checksum: 13c7401b5

Time (s): cpu = 00:00:20 ; elapsed = 00:00:12 . Memory (MB): peak = 2064.715 ; gain = 0.000
Phase 2.4 Global Placement Core | Checksum: 104f19480

Time (s): cpu = 00:00:20 ; elapsed = 00:00:12 . Memory (MB): peak = 2064.715 ; gain = 0.000
Phase 2 Global Placement | Checksum: 104f19480

Time (s): cpu = 00:00:20 ; elapsed = 00:00:12 . Memory (MB): peak = 2064.715 ; gain = 0.000

Phase 3 Detail Placement

Phase 3.1 Commit Multi Column Macros
Phase 3.1 Commit Multi Column Macros | Checksum: 16b52d0a1

Time (s): cpu = 00:00:21 ; elapsed = 00:00:12 . Memory (MB): peak = 2064.715 ; gain = 0.000

Phase 3.2 Commit Most Macros & LUTRAMs
Phase 3.2 Commit Most Macros & LUTRAMs | Checksum: 20b63f77e

Time (s): cpu = 00:00:22 ; elapsed = 00:00:13 . Memory (MB): peak = 2064.715 ; gain = 0.000

Phase 3.3 Area Swap Optimization
Phase 3.3 Area Swap Optimization | Checksum: 12caf6562

Time (s): cpu = 00:00:22 ; elapsed = 00:00:13 . Memory (MB): peak = 2064.715 ; gain = 0.000

Phase 3.4 Pipeline Register Optimization
Phase 3.4 Pipeline Register Optimization | Checksum: 1b1519976

Time (s): cpu = 00:00:22 ; elapsed = 00:00:13 . Memory (MB): peak = 2064.715 ; gain = 0.000

Phase 3.5 Fast Optimization
Phase 3.5 Fast Optimization | Checksum: 20ca776c8

Time (s): cpu = 00:00:26 ; elapsed = 00:00:18 . Memory (MB): peak = 2064.715 ; gain = 0.000

Phase 3.6 Small Shape Detail Placement
Phase 3.6 Small Shape Detail Placement | Checksum: 17b1faacf

Time (s): cpu = 00:00:31 ; elapsed = 00:00:23 . Memory (MB): peak = 2064.715 ; gain = 0.000

Phase 3.7 Re-assign LUT pins
Phase 3.7 Re-assign LUT pins | Checksum: 1674db4d0

Time (s): cpu = 00:00:31 ; elapsed = 00:00:23 . Memory (MB): peak = 2064.715 ; gain = 0.000

Phase 3.8 Pipeline Register Optimization
Phase 3.8 Pipeline Register Optimization | Checksum: 9b8156a9

Time (s): cpu = 00:00:31 ; elapsed = 00:00:23 . Memory (MB): peak = 2064.715 ; gain = 0.000

Phase 3.9 Fast Optimization
Phase 3.9 Fast Optimization | Checksum: 187403239

Time (s): cpu = 00:00:36 ; elapsed = 00:00:28 . Memory (MB): peak = 2064.715 ; gain = 0.000
Phase 3 Detail Placement | Checksum: 187403239

Time (s): cpu = 00:00:36 ; elapsed = 00:00:28 . Memory (MB): peak = 2064.715 ; gain = 0.000

Phase 4 Post Placement Optimization and Clean-Up

Phase 4.1 Post Commit Optimization
INFO: [Timing 38-35] Done setting XDC timing constraints.

Phase 4.1.1 Post Placement Optimization
Post Placement Optimization Initialization | Checksum: 18e24789f

Phase 4.1.1.1 BUFG Insertion

Starting Physical Synthesis Task

Phase 1 Physical Synthesis Initialization
INFO: [Physopt 32-721] Multithreading enabled for phys_opt_design using a maximum of 2 CPUs
INFO: [Physopt 32-619] Estimated Timing Summary | WNS=-5.954 | TNS=-895.624 |
Phase 1 Physical Synthesis Initialization | Checksum: 1672a139c

Time (s): cpu = 00:00:00 ; elapsed = 00:00:00.207 . Memory (MB): peak = 2106.859 ; gain = 0.000
INFO: [Place 46-33] Processed net rst_all, BUFG insertion was skipped due to placement/routing conflicts.
INFO: [Place 46-33] Processed net core/data_ram/data[126][7]_i_1_n_0, BUFG insertion was skipped due to placement/routing conflicts.
INFO: [Place 46-56] BUFG insertion identified 2 candidate nets. Inserted BUFG: 0, Replicated BUFG Driver: 0, Skipped due to Placement/Routing Conflicts: 2, Skipped due to Timing Degradation: 0, Skipped due to Illegal Netlist: 0.
Ending Physical Synthesis Task | Checksum: 1649edf7b

Time (s): cpu = 00:00:01 ; elapsed = 00:00:00.393 . Memory (MB): peak = 2106.859 ; gain = 0.000
Phase 4.1.1.1 BUFG Insertion | Checksum: 18e24789f

Time (s): cpu = 00:00:39 ; elapsed = 00:00:30 . Memory (MB): peak = 2106.859 ; gain = 42.145

Phase 4.1.1.2 Post Placement Timing Optimization
INFO: [Place 30-746] Post Placement Timing Summary WNS=-4.677. For the most accurate timing information please run report_timing.
Phase 4.1.1.2 Post Placement Timing Optimization | Checksum: 136e07e58

Time (s): cpu = 00:00:54 ; elapsed = 00:00:46 . Memory (MB): peak = 2106.859 ; gain = 42.145

Time (s): cpu = 00:00:54 ; elapsed = 00:00:46 . Memory (MB): peak = 2106.859 ; gain = 42.145
Phase 4.1 Post Commit Optimization | Checksum: 136e07e58

Time (s): cpu = 00:00:54 ; elapsed = 00:00:46 . Memory (MB): peak = 2106.859 ; gain = 42.145

Phase 4.2 Post Placement Cleanup
Phase 4.2 Post Placement Cleanup | Checksum: 136e07e58

Time (s): cpu = 00:00:54 ; elapsed = 00:00:46 . Memory (MB): peak = 2106.859 ; gain = 42.145

Phase 4.3 Placer Reporting

Phase 4.3.1 Print Estimated Congestion
INFO: [Place 30-612] Post-Placement Estimated Congestion 
 ____________________________________________________
|           | Global Congestion | Short Congestion  |
| Direction | Region Size       | Region Size       |
|___________|___________________|___________________|
|      North|              16x16|              16x16|
|___________|___________________|___________________|
|      South|                2x2|                8x8|
|___________|___________________|___________________|
|       East|                8x8|                8x8|
|___________|___________________|___________________|
|       West|                8x8|                8x8|
|___________|___________________|___________________|

Phase 4.3.1 Print Estimated Congestion | Checksum: 136e07e58

Time (s): cpu = 00:00:54 ; elapsed = 00:00:46 . Memory (MB): peak = 2106.859 ; gain = 42.145
Phase 4.3 Placer Reporting | Checksum: 136e07e58

Time (s): cpu = 00:00:54 ; elapsed = 00:00:46 . Memory (MB): peak = 2106.859 ; gain = 42.145

Phase 4.4 Final Placement Cleanup
Netlist sorting complete. Time (s): cpu = 00:00:00 ; elapsed = 00:00:00.006 . Memory (MB): peak = 2106.859 ; gain = 0.000

Time (s): cpu = 00:00:54 ; elapsed = 00:00:46 . Memory (MB): peak = 2106.859 ; gain = 42.145
Phase 4 Post Placement Optimization and Clean-Up | Checksum: 13f58cef6

Time (s): cpu = 00:00:54 ; elapsed = 00:00:46 . Memory (MB): peak = 2106.859 ; gain = 42.145
Ending Placer Task | Checksum: 13243349d

Time (s): cpu = 00:00:54 ; elapsed = 00:00:46 . Memory (MB): peak = 2106.859 ; gain = 42.145
INFO: [Common 17-83] Releasing license: Implementation
83 Infos, 0 Warnings, 0 Critical Warnings and 0 Errors encountered.
place_design completed successfully
place_design: Time (s): cpu = 00:00:55 ; elapsed = 00:00:47 . Memory (MB): peak = 2106.859 ; gain = 42.145
INFO: [Timing 38-480] Writing timing data to binary archive.
Writing XDEF routing.
Writing XDEF routing logical nets.
Writing XDEF routing special nets.
Write XDEF Complete: Time (s): cpu = 00:00:00 ; elapsed = 00:00:00.528 . Memory (MB): peak = 2106.859 ; gain = 0.000
INFO: [Common 17-1381] The checkpoint 'C:/Users/David_Y9000P/Desktop/CSCourses/arch/labs/lab1/Exp1.runs/impl_1/top_placed.dcp' has been generated.
INFO: [runtcl-4] Executing : report_io -file top_io_placed.rpt
report_io: Time (s): cpu = 00:00:00 ; elapsed = 00:00:00.075 . Memory (MB): peak = 2106.859 ; gain = 0.000
INFO: [runtcl-4] Executing : report_utilization -file top_utilization_placed.rpt -pb top_utilization_placed.pb
INFO: [runtcl-4] Executing : report_control_sets -verbose -file top_control_sets_placed.rpt
report_control_sets: Time (s): cpu = 00:00:00 ; elapsed = 00:00:00.009 . Memory (MB): peak = 2106.859 ; gain = 0.000
Command: route_design
Attempting to get a license for feature 'Implementation' and/or device 'xc7k325t'
INFO: [Common 17-349] Got license for feature 'Implementation' and/or device 'xc7k325t'
Running DRC as a precondition to command route_design
INFO: [DRC 23-27] Running DRC with 2 threads
INFO: [Vivado_Tcl 4-198] DRC finished with 0 Errors
INFO: [Vivado_Tcl 4-199] Please refer to the DRC report (report_drc) for more information.


Starting Routing Task
INFO: [Route 35-254] Multithreading enabled for route_design using a maximum of 2 CPUs

Phase 1 Build RT Design
Checksum: PlaceDB: c0b99203 ConstDB: 0 ShapeSum: 7189a29a RouteDB: 0
Post Restoration Checksum: NetGraph: 1bdd2693 NumContArr: a9b6d0e8 Constraints: 0 Timing: 0
Phase 1 Build RT Design | Checksum: c593f77b

Time (s): cpu = 00:00:21 ; elapsed = 00:00:15 . Memory (MB): peak = 2346.324 ; gain = 239.465

Phase 2 Router Initialization

Phase 2.1 Fix Topology Constraints
Phase 2.1 Fix Topology Constraints | Checksum: c593f77b

Time (s): cpu = 00:00:21 ; elapsed = 00:00:15 . Memory (MB): peak = 2356.094 ; gain = 249.234

Phase 2.2 Pre Route Cleanup
Phase 2.2 Pre Route Cleanup | Checksum: c593f77b

Time (s): cpu = 00:00:21 ; elapsed = 00:00:15 . Memory (MB): peak = 2356.094 ; gain = 249.234
 Number of Nodes with overlaps = 0

Phase 2.3 Update Timing
Phase 2.3 Update Timing | Checksum: 190e5cef6

Time (s): cpu = 00:00:25 ; elapsed = 00:00:19 . Memory (MB): peak = 2462.238 ; gain = 355.379
INFO: [Route 35-416] Intermediate Timing Summary | WNS=-4.480 | TNS=-671.872| WHS=-0.929 | THS=-479.003|


Router Utilization Summary
  Global Vertical Routing Utilization    = 0.00280911 %
  Global Horizontal Routing Utilization  = 0.00166744 %
  Routable Net Status*
  *Does not include unroutable nets such as driverless and loadless.
  Run report_route_status for detailed report.
  Number of Failed Nets               = 9572
    (Failed Nets is the sum of unrouted and partially routed nets)
  Number of Unrouted Nets             = 9571
  Number of Partially Routed Nets     = 1
  Number of Node Overlaps             = 1

Phase 2 Router Initialization | Checksum: 1fabfb64d

Time (s): cpu = 00:00:28 ; elapsed = 00:00:20 . Memory (MB): peak = 2462.238 ; gain = 355.379

Phase 3 Initial Routing

Phase 3.1 Global Routing
Phase 3.1 Global Routing | Checksum: 1fabfb64d

Time (s): cpu = 00:00:28 ; elapsed = 00:00:20 . Memory (MB): peak = 2462.238 ; gain = 355.379
Phase 3 Initial Routing | Checksum: 1a97e0d9c

Time (s): cpu = 00:00:31 ; elapsed = 00:00:22 . Memory (MB): peak = 2462.238 ; gain = 355.379
INFO: [Route 35-580] Design has 19 pins with tight setup and hold constraints.

The top 5 pins with tight setup and hold constraints:

+====================+===================+=============================+
| Launch Setup Clock | Launch Hold Clock | Pin                         |
+====================+===================+=============================+
| clkout0            | clkout2           | vga/ascii_code_reg[3]/D     |
| clkout0            | clkout2           | vga/ascii_code_reg[0]_inv/D |
| clkout0            | clkout2           | vga/ascii_code_reg[2]/D     |
| clkout0            | clkout2           | vga/ascii_code_reg[5]/D     |
| clkout0            | clkout2           | vga/ascii_code_reg[4]/D     |
+--------------------+-------------------+-----------------------------+

File with complete list of pins: tight_setup_hold_pins.txt


Phase 4 Rip-up And Reroute

Phase 4.1 Global Iteration 0
 Number of Nodes with overlaps = 9235
 Number of Nodes with overlaps = 3416
 Number of Nodes with overlaps = 1785
 Number of Nodes with overlaps = 895
INFO: [Route 35-416] Intermediate Timing Summary | WNS=-5.987 | TNS=-1159.216| WHS=N/A    | THS=N/A    |

WARNING: [Route 35-447] Congestion is preventing the router from routing all nets. The router will prioritize the successful completion of routing all nets over timing optimizations.
Phase 4.1 Global Iteration 0 | Checksum: cf408d17

Time (s): cpu = 00:04:13 ; elapsed = 00:02:29 . Memory (MB): peak = 2469.434 ; gain = 362.574

Phase 4.2 Global Iteration 1
 Number of Nodes with overlaps = 8413
 Number of Nodes with overlaps = 2690
 Number of Nodes with overlaps = 1049
 Number of Nodes with overlaps = 447
 Number of Nodes with overlaps = 219
 Number of Nodes with overlaps = 118
 Number of Nodes with overlaps = 78
 Number of Nodes with overlaps = 49
 Number of Nodes with overlaps = 22
 Number of Nodes with overlaps = 12
 Number of Nodes with overlaps = 9
 Number of Nodes with overlaps = 6
 Number of Nodes with overlaps = 1
 Number of Nodes with overlaps = 0
INFO: [Route 35-416] Intermediate Timing Summary | WNS=-5.914 | TNS=-1204.721| WHS=N/A    | THS=N/A    |

Phase 4.2 Global Iteration 1 | Checksum: 21368ea2b

Time (s): cpu = 00:07:15 ; elapsed = 00:04:35 . Memory (MB): peak = 2469.434 ; gain = 362.574

Phase 4.3 Global Iteration 2
 Number of Nodes with overlaps = 44
 Number of Nodes with overlaps = 172
 Number of Nodes with overlaps = 139
 Number of Nodes with overlaps = 88
 Number of Nodes with overlaps = 47
 Number of Nodes with overlaps = 21
 Number of Nodes with overlaps = 11
 Number of Nodes with overlaps = 7
 Number of Nodes with overlaps = 5
 Number of Nodes with overlaps = 4
 Number of Nodes with overlaps = 1
 Number of Nodes with overlaps = 1
 Number of Nodes with overlaps = 0
INFO: [Route 35-416] Intermediate Timing Summary | WNS=-6.155 | TNS=-1106.336| WHS=N/A    | THS=N/A    |

Phase 4.3 Global Iteration 2 | Checksum: 2b4061c17

Time (s): cpu = 00:08:15 ; elapsed = 00:05:24 . Memory (MB): peak = 2469.434 ; gain = 362.574
Phase 4 Rip-up And Reroute | Checksum: 2b4061c17

Time (s): cpu = 00:08:15 ; elapsed = 00:05:24 . Memory (MB): peak = 2469.434 ; gain = 362.574

Phase 5 Delay and Skew Optimization

Phase 5.1 Delay CleanUp

Phase 5.1.1 Update Timing
Phase 5.1.1 Update Timing | Checksum: 27369c105

Time (s): cpu = 00:08:16 ; elapsed = 00:05:25 . Memory (MB): peak = 2469.434 ; gain = 362.574
INFO: [Route 35-416] Intermediate Timing Summary | WNS=-5.914 | TNS=-1204.609| WHS=N/A    | THS=N/A    |

 Number of Nodes with overlaps = 0
Phase 5.1 Delay CleanUp | Checksum: 1eb955089

Time (s): cpu = 00:08:18 ; elapsed = 00:05:27 . Memory (MB): peak = 2476.590 ; gain = 369.730

Phase 5.2 Clock Skew Optimization
Phase 5.2 Clock Skew Optimization | Checksum: 1eb955089

Time (s): cpu = 00:08:18 ; elapsed = 00:05:27 . Memory (MB): peak = 2476.590 ; gain = 369.730
Phase 5 Delay and Skew Optimization | Checksum: 1eb955089

Time (s): cpu = 00:08:18 ; elapsed = 00:05:27 . Memory (MB): peak = 2476.590 ; gain = 369.730

Phase 6 Post Hold Fix

Phase 6.1 Hold Fix Iter

Phase 6.1.1 Update Timing
Phase 6.1.1 Update Timing | Checksum: 2148f2931

Time (s): cpu = 00:08:19 ; elapsed = 00:05:27 . Memory (MB): peak = 2476.590 ; gain = 369.730
INFO: [Route 35-416] Intermediate Timing Summary | WNS=-5.855 | TNS=-1144.184| WHS=0.080  | THS=0.000  |

Phase 6.1 Hold Fix Iter | Checksum: 2148f2931

Time (s): cpu = 00:08:19 ; elapsed = 00:05:27 . Memory (MB): peak = 2476.590 ; gain = 369.730
Phase 6 Post Hold Fix | Checksum: 2148f2931

Time (s): cpu = 00:08:19 ; elapsed = 00:05:27 . Memory (MB): peak = 2476.590 ; gain = 369.730

Phase 7 Route finalize

Router Utilization Summary
  Global Vertical Routing Utilization    = 2.2429 %
  Global Horizontal Routing Utilization  = 2.42499 %
  Routable Net Status*
  *Does not include unroutable nets such as driverless and loadless.
  Run report_route_status for detailed report.
  Number of Failed Nets               = 0
    (Failed Nets is the sum of unrouted and partially routed nets)
  Number of Unrouted Nets             = 0
  Number of Partially Routed Nets     = 0
  Number of Node Overlaps             = 0

Congestion Report
North Dir 4x4 Area, Max Cong = 88.6261%, Congestion bounded by tiles (Lower Left Tile -> Upper Right Tile):
   INT_L_X24Y42 -> INT_R_X27Y45
   INT_L_X24Y38 -> INT_R_X27Y41
   INT_L_X24Y34 -> INT_R_X27Y37
South Dir 8x8 Area, Max Cong = 92.2157%, Congestion bounded by tiles (Lower Left Tile -> Upper Right Tile):
   INT_L_X24Y22 -> INT_R_X31Y29
   INT_L_X24Y14 -> INT_R_X31Y21
East Dir 8x8 Area, Max Cong = 85.7077%, Congestion bounded by tiles (Lower Left Tile -> Upper Right Tile):
   INT_L_X16Y30 -> INT_R_X23Y37
West Dir 4x4 Area, Max Cong = 88.6949%, Congestion bounded by tiles (Lower Left Tile -> Upper Right Tile):
   INT_L_X28Y34 -> INT_R_X31Y37
   INT_L_X32Y34 -> INT_R_X35Y37
   INT_L_X28Y30 -> INT_R_X31Y33
   INT_L_X32Y30 -> INT_R_X35Y33

------------------------------
Reporting congestion hotspots
------------------------------
Direction: North
----------------
Congested clusters found at Level 1
Effective congestion level: 3 Aspect Ratio: 0.555556 Sparse Ratio: 1.4375
Direction: South
----------------
Congested clusters found at Level 2
Effective congestion level: 4 Aspect Ratio: 0.6 Sparse Ratio: 0.75
Direction: East
----------------
Congested clusters found at Level 2
Effective congestion level: 4 Aspect Ratio: 0.75 Sparse Ratio: 0.5
Direction: West
----------------
Congested clusters found at Level 2
Effective congestion level: 3 Aspect Ratio: 0.666667 Sparse Ratio: 1.5

Phase 7 Route finalize | Checksum: 184c608cc

Time (s): cpu = 00:08:19 ; elapsed = 00:05:27 . Memory (MB): peak = 2476.590 ; gain = 369.730

Phase 8 Verifying routed nets

 Verification completed successfully
Phase 8 Verifying routed nets | Checksum: 184c608cc

Time (s): cpu = 00:08:19 ; elapsed = 00:05:27 . Memory (MB): peak = 2476.590 ; gain = 369.730

Phase 9 Depositing Routes
Phase 9 Depositing Routes | Checksum: 20161b4e8

Time (s): cpu = 00:08:20 ; elapsed = 00:05:28 . Memory (MB): peak = 2476.590 ; gain = 369.730

Phase 10 Post Router Timing
INFO: [Route 35-57] Estimated Timing Summary | WNS=-5.855 | TNS=-1144.184| WHS=0.080  | THS=0.000  |

WARNING: [Route 35-328] Router estimated timing not met.
Resolution: For a complete and accurate timing signoff, report_timing_summary must be run after route_design. Alternatively, route_design can be run with the -timing_summary option to enable a complete timing signoff at the end of route_design.
Phase 10 Post Router Timing | Checksum: 20161b4e8

Time (s): cpu = 00:08:20 ; elapsed = 00:05:29 . Memory (MB): peak = 2476.590 ; gain = 369.730
INFO: [Route 35-16] Router Completed Successfully

Time (s): cpu = 00:08:20 ; elapsed = 00:05:29 . Memory (MB): peak = 2476.590 ; gain = 369.730

Routing Is Done.
INFO: [Common 17-83] Releasing license: Implementation
103 Infos, 2 Warnings, 0 Critical Warnings and 0 Errors encountered.
route_design completed successfully
route_design: Time (s): cpu = 00:08:21 ; elapsed = 00:05:29 . Memory (MB): peak = 2476.590 ; gain = 369.730
INFO: [Timing 38-480] Writing timing data to binary archive.
Writing XDEF routing.
Writing XDEF routing logical nets.
Writing XDEF routing special nets.
Write XDEF Complete: Time (s): cpu = 00:00:01 ; elapsed = 00:00:00.775 . Memory (MB): peak = 2476.590 ; gain = 0.000
INFO: [Common 17-1381] The checkpoint 'C:/Users/David_Y9000P/Desktop/CSCourses/arch/labs/lab1/Exp1.runs/impl_1/top_routed.dcp' has been generated.
INFO: [runtcl-4] Executing : report_drc -file top_drc_routed.rpt -pb top_drc_routed.pb -rpx top_drc_routed.rpx
Command: report_drc -file top_drc_routed.rpt -pb top_drc_routed.pb -rpx top_drc_routed.rpx
INFO: [IP_Flow 19-1839] IP Catalog is up to date.
INFO: [DRC 23-27] Running DRC with 2 threads
INFO: [Vivado_Tcl 2-168] The results of DRC are in file C:/Users/David_Y9000P/Desktop/CSCourses/arch/labs/lab1/Exp1.runs/impl_1/top_drc_routed.rpt.
report_drc completed successfully
INFO: [runtcl-4] Executing : report_methodology -file top_methodology_drc_routed.rpt -pb top_methodology_drc_routed.pb -rpx top_methodology_drc_routed.rpx
Command: report_methodology -file top_methodology_drc_routed.rpt -pb top_methodology_drc_routed.pb -rpx top_methodology_drc_routed.rpx
INFO: [Timing 38-35] Done setting XDC timing constraints.
INFO: [DRC 23-133] Running Methodology with 2 threads
INFO: [Vivado_Tcl 2-1520] The results of Report Methodology are in file C:/Users/David_Y9000P/Desktop/CSCourses/arch/labs/lab1/Exp1.runs/impl_1/top_methodology_drc_routed.rpt.
report_methodology completed successfully
INFO: [runtcl-4] Executing : report_power -file top_power_routed.rpt -pb top_power_summary_routed.pb -rpx top_power_routed.rpx
Command: report_power -file top_power_routed.rpt -pb top_power_summary_routed.pb -rpx top_power_routed.rpx
INFO: [Timing 38-35] Done setting XDC timing constraints.
Running Vector-less Activity Propagation...

Finished Running Vector-less Activity Propagation
WARNING: [Power 33-332] Found switching activity that implies high-fanout reset nets being asserted for excessive periods of time which may result in inaccurate power analysis.
Resolution: To review and fix problems, please run Power Constraints Advisor in the GUI from Tools > Power Constraints Advisor or run report_power with the -advisory option to generate a text report.
115 Infos, 3 Warnings, 0 Critical Warnings and 0 Errors encountered.
report_power completed successfully
INFO: [runtcl-4] Executing : report_route_status -file top_route_status.rpt -pb top_route_status.pb
INFO: [runtcl-4] Executing : report_timing_summary -max_paths 10 -file top_timing_summary_routed.rpt -pb top_timing_summary_routed.pb -rpx top_timing_summary_routed.rpx -warn_on_violation 
INFO: [Timing 38-91] UpdateTimingParams: Speed grade: -2L, Delay Type: min_max.
INFO: [Timing 38-191] Multithreading enabled for timing update using a maximum of 2 CPUs
CRITICAL WARNING: [Timing 38-282] The design failed to meet the timing requirements. Please see the timing summary report for details on the timing violations.
INFO: [runtcl-4] Executing : report_incremental_reuse -file top_incremental_reuse_routed.rpt
INFO: [Vivado_Tcl 4-1062] Incremental flow is disabled. No incremental reuse Info to report.
INFO: [runtcl-4] Executing : report_clock_utilization -file top_clock_utilization_routed.rpt
INFO: [runtcl-4] Executing : report_bus_skew -warn_on_violation -file top_bus_skew_routed.rpt -pb top_bus_skew_routed.pb -rpx top_bus_skew_routed.rpx
INFO: [Timing 38-91] UpdateTimingParams: Speed grade: -2L, Delay Type: min_max.
INFO: [Timing 38-191] Multithreading enabled for timing update using a maximum of 2 CPUs
INFO: [Common 17-206] Exiting Vivado at Wed Mar  4 19:51:59 2026...
